[debug] [2022-09-21T22:36:32.939Z] ----------------------------------------------------------------------
[debug] [2022-09-21T22:36:32.941Z] Command:       C:\Program Files\nodejs\node.exe C:\Users\Shakhzod\AppData\Roaming\npm\node_modules\firebase-tools\lib\bin\firebase.js init
[debug] [2022-09-21T22:36:32.941Z] CLI Version:   11.9.0
[debug] [2022-09-21T22:36:32.941Z] Platform:      win32
[debug] [2022-09-21T22:36:32.941Z] Node Version:  v16.15.1
[debug] [2022-09-21T22:36:32.942Z] Time:          Thu Sep 22 2022 00:36:32 GMT+0200 (Central European Summer Time)
[debug] [2022-09-21T22:36:32.943Z] ----------------------------------------------------------------------
[debug] 
[debug] [2022-09-21T22:36:33.010Z] > command requires scopes: ["email","openid","https://www.googleapis.com/auth/cloudplatformprojects.readonly","https://www.googleapis.com/auth/firebase","https://www.googleapis.com/auth/cloud-platform"]
[debug] [2022-09-21T22:36:33.011Z] > authorizing via signed-in user (developer.student22@gmail.com)
[info] 
     ######## #### ########  ######## ########     ###     ######  ########
     ##        ##  ##     ## ##       ##     ##  ##   ##  ##       ##
     ######    ##  ########  ######   ########  #########  ######  ######
     ##        ##  ##    ##  ##       ##     ## ##     ##       ## ##
     ##       #### ##     ## ######## ########  ##     ##  ######  ########

You're about to initialize a Firebase project in this directory:

  C:\Projects\disney-clone

Before we get started, keep in mind:

  * You are currently outside your home directory
  * You are initializing within an existing Firebase project directory

[info] 
=== Project Setup
[info] 
[info] First, let's associate this project directory with a Firebase project.
[info] You can create multiple project aliases by running firebase use --add, 
[info] but for now we'll just set up a default project.
[info] 
[debug] [2022-09-21T22:36:56.031Z] Using project from CLI flag: disney-clone-92812
[debug] [2022-09-21T22:36:56.033Z] >>> [apiv2][query] GET https://firebase.googleapis.com/v1beta1/projects/disney-clone-92812 [none]
[debug] [2022-09-21T22:36:56.367Z] <<< [apiv2][status] GET https://firebase.googleapis.com/v1beta1/projects/disney-clone-92812 403
[debug] [2022-09-21T22:36:56.368Z] <<< [apiv2][body] GET https://firebase.googleapis.com/v1beta1/projects/disney-clone-92812 {"error":{"code":403,"message":"The caller does not have permission","status":"PERMISSION_DENIED"}}
[debug] [2022-09-21T22:36:56.368Z] HTTP Error: 403, The caller does not have permission
[debug] [2022-09-21T22:36:56.369Z] FirebaseError: HTTP Error: 403, The caller does not have permission
    at responseToError (C:\Users\Shakhzod\AppData\Roaming\npm\node_modules\firebase-tools\lib\responseToError.js:49:12)
    at RetryOperation._fn (C:\Users\Shakhzod\AppData\Roaming\npm\node_modules\firebase-tools\lib\apiv2.js:288:77)
    at processTicksAndRejections (node:internal/process/task_queues:96:5)
[error] 
[error] Error: Failed to get Firebase project disney-clone-92812. Please make sure the project exists and your account has permission to access it.
